<?xml version="1.0" encoding="utf-8"?><testsuites><testsuite name="pytest" errors="0" failures="0" skipped="0" tests="19" time="98.434" timestamp="2021-09-28T06:58:17.275114" hostname="fv-az81-453"><testcase classname="tests.processor.test_argparse" name="test_read_config_not_exist" time="0.003" /><testcase classname="tests.processor.test_argparse" name="test_read_config_invalid_json" time="0.002" /><testcase classname="tests.processor.test_argparse" name="test_read_config_corrupted_json" time="0.002" /><testcase classname="tests.processor.test_argparse" name="test_read_config" time="0.003" /><testcase classname="tests.processor.test_argparse" name="test_write_config" time="0.002" /><testcase classname="tests.processor.test_argparse" name="test_project_parser" time="0.004" /><testcase classname="tests.processor.test_argparse" name="test_vsc_parser" time="0.007" /><testcase classname="tests.processor.test_case_expression" name="test_validate_case" time="0.027" /><testcase classname="tests.processor.test_case_expression" name="test_invalid_case_expression" time="0.005" /><testcase classname="tests.processor.test_case_expression" name="test_no_case_is_provided" time="0.008" /><testcase classname="tests.processor.test_case_expression" name="test_exclude_only" time="0.007" /><testcase classname="tests.processor.test_docker" name="test_docker_image" time="60.956" /><testcase classname="tests.processor.test_docker" name="test_docker_container" time="10.612" /><testcase classname="tests.processor.test_docker" name="test_docker_mount_directory" time="21.164" /><testcase classname="tests.processor.test_help" name="test_check_help_attr" time="0.005" /><testcase classname="tests.processor.test_show" name="test_check_show_attr" time="0.004" /><testcase classname="tests.processor.test_taxonomy" name="test_taxonomy" time="0.002" /><testcase classname="tests.processor.test_vcs" name="test_checkout_fixed" time="2.200" /><testcase classname="tests.processor.test_vcs" name="test_checkout_buggy" time="2.308" /></testsuite></testsuites>