<?xml version="1.0" encoding="utf-8"?><testsuites><testsuite name="pytest" errors="0" failures="0" skipped="0" tests="43" time="455.503" timestamp="2021-11-16T02:45:37.500823" hostname="fv-az81-304"><testcase classname="tests.message.test_message" name="test_change_logger_path" time="0.013" /><testcase classname="tests.message.test_message" name="test_output_log_to_stdout" time="0.001" /><testcase classname="tests.processor.test_argparse" name="test_read_config_not_exist" time="0.001" /><testcase classname="tests.processor.test_argparse" name="test_read_config_invalid_json" time="0.001" /><testcase classname="tests.processor.test_argparse" name="test_read_config_corrupted_json" time="0.001" /><testcase classname="tests.processor.test_argparse" name="test_read_config" time="0.001" /><testcase classname="tests.processor.test_argparse" name="test_write_config" time="0.001" /><testcase classname="tests.processor.test_argparse" name="test_project_parser_invalid_project_should_throw" time="0.002" /><testcase classname="tests.processor.test_argparse" name="test_project_parser_should_read_config_json" time="0.002" /><testcase classname="tests.processor.test_argparse" name="test_vcs_parser_invalid_project_should_throw" time="0.002" /><testcase classname="tests.processor.test_argparse" name="test_vcs_parser_unordered_arguments_should_be_handled[yara 1 --buggy]" time="0.001" /><testcase classname="tests.processor.test_argparse" name="test_vcs_parser_unordered_arguments_should_be_handled[yara --buggy 1]" time="0.001" /><testcase classname="tests.processor.test_argparse" name="test_vcs_parser_unordered_arguments_should_be_handled_with_target_option" time="0.002" /><testcase classname="tests.processor.test_argparse" name="test_common_project_parser_env_option" time="0.003" /><testcase classname="tests.processor.test_argparse" name="test_common_command_parser_settings_option" time="0.002" /><testcase classname="tests.processor.test_build_command" name="test_build_command_should_generate_command_based_on_options[True-True-coverage_command bear]" time="0.003" /><testcase classname="tests.processor.test_build_command" name="test_build_command_should_generate_command_based_on_options[True-False-coverage_command]" time="0.003" /><testcase classname="tests.processor.test_build_command" name="test_build_command_should_generate_command_based_on_options[False-True-bear command]" time="0.003" /><testcase classname="tests.processor.test_build_command" name="test_build_command_should_generate_command_based_on_options[False-False-command]" time="0.003" /><testcase classname="tests.processor.test_build_command" name="test_build_command_export_commands[yara]" time="102.084" /><testcase classname="tests.processor.test_build_command" name="test_build_command_export_commands[cppcheck]" time="264.364" /><testcase classname="tests.processor.test_case_expression" name="test_validate_case" time="0.009" /><testcase classname="tests.processor.test_case_expression" name="test_invalid_case_expression" time="0.002" /><testcase classname="tests.processor.test_case_expression" name="test_no_case_is_provided" time="0.004" /><testcase classname="tests.processor.test_case_expression" name="test_exclude_only" time="0.003" /><testcase classname="tests.processor.test_checkout" name="test_git_clone_error" time="0.009" /><testcase classname="tests.processor.test_checkout" name="test_git_worktree_error" time="0.436" /><testcase classname="tests.processor.test_checkout" name="test_git_checkout_error" time="0.506" /><testcase classname="tests.processor.test_checkout" name="test_git_submodule_init_error" time="2.050" /><testcase classname="tests.processor.test_checkout" name="test_git_apply_patch_error_patch_could_not_be_applied" time="0.486" /><testcase classname="tests.processor.test_docker" name="test_docker_image" time="0.007" /><testcase classname="tests.processor.test_docker" name="test_docker_container" time="10.615" /><testcase classname="tests.processor.test_docker" name="test_docker_mount_directory" time="21.280" /><testcase classname="tests.processor.test_help" name="test_check_help_attr" time="0.001" /><testcase classname="tests.processor.test_show" name="test_check_show_attr" time="0.001" /><testcase classname="tests.processor.test_taxonomy" name="test_taxonomy" time="0.001" /><testcase classname="tests.processor.test_taxonomy" name="test_metadata" time="0.001" /><testcase classname="tests.processor.test_test_command_callback" name="test_check_result" time="0.006" /><testcase classname="tests.processor.test_test_command_callback" name="test_check_coverage" time="0.003" /><testcase classname="tests.processor.test_test_command_callback" name="test_run_command" time="25.926" /><testcase classname="tests.processor.test_test_command_callback" name="test_run_command_as_script" time="21.372" /><testcase classname="tests.processor.test_vcs" name="test_checkout_fixed" time="3.851" /><testcase classname="tests.processor.test_vcs" name="test_checkout_buggy" time="2.270" /></testsuite></testsuites>