<?xml version="1.0" encoding="utf-8"?><testsuites><testsuite name="pytest" errors="0" failures="0" skipped="0" tests="34" time="154.458" timestamp="2021-11-04T05:57:16.108829" hostname="fv-az74-661"><testcase classname="tests.message.test_message" name="test_change_logger_path" time="0.020" /><testcase classname="tests.message.test_message" name="test_output_log_to_stdout" time="0.001" /><testcase classname="tests.processor.test_argparse" name="test_read_config_not_exist" time="0.002" /><testcase classname="tests.processor.test_argparse" name="test_read_config_invalid_json" time="0.002" /><testcase classname="tests.processor.test_argparse" name="test_read_config_corrupted_json" time="0.002" /><testcase classname="tests.processor.test_argparse" name="test_read_config" time="0.002" /><testcase classname="tests.processor.test_argparse" name="test_write_config" time="0.002" /><testcase classname="tests.processor.test_argparse" name="test_project_parser_invalid_project_should_throw" time="0.002" /><testcase classname="tests.processor.test_argparse" name="test_project_parser_should_read_config_json" time="0.004" /><testcase classname="tests.processor.test_argparse" name="test_vcs_parser_invalid_project_should_throw" time="0.004" /><testcase classname="tests.processor.test_argparse" name="test_vcs_parser_unordered_arguments_should_be_handled[yara 1 --buggy]" time="0.003" /><testcase classname="tests.processor.test_argparse" name="test_vcs_parser_unordered_arguments_should_be_handled[yara --buggy 1]" time="0.003" /><testcase classname="tests.processor.test_argparse" name="test_vcs_parser_unordered_arguments_should_be_handled_with_target_option" time="0.009" /><testcase classname="tests.processor.test_case_expression" name="test_validate_case" time="0.027" /><testcase classname="tests.processor.test_case_expression" name="test_invalid_case_expression" time="0.006" /><testcase classname="tests.processor.test_case_expression" name="test_no_case_is_provided" time="0.007" /><testcase classname="tests.processor.test_case_expression" name="test_exclude_only" time="0.007" /><testcase classname="tests.processor.test_checkout" name="test_git_clone_error" time="0.010" /><testcase classname="tests.processor.test_checkout" name="test_git_worktree_error" time="0.448" /><testcase classname="tests.processor.test_checkout" name="test_git_checkout_error" time="0.429" /><testcase classname="tests.processor.test_checkout" name="test_git_submodule_init_error" time="1.837" /><testcase classname="tests.processor.test_checkout" name="test_git_apply_patch_error_patch_could_not_be_applied" time="0.489" /><testcase classname="tests.processor.test_docker" name="test_docker_image" time="65.844" /><testcase classname="tests.processor.test_docker" name="test_docker_container" time="10.669" /><testcase classname="tests.processor.test_docker" name="test_docker_mount_directory" time="21.346" /><testcase classname="tests.processor.test_help" name="test_check_help_attr" time="0.005" /><testcase classname="tests.processor.test_show" name="test_check_show_attr" time="0.001" /><testcase classname="tests.processor.test_taxonomy" name="test_taxonomy" time="0.006" /><testcase classname="tests.processor.test_test_command_callback" name="test_check_result" time="0.007" /><testcase classname="tests.processor.test_test_command_callback" name="test_check_coverage" time="0.007" /><testcase classname="tests.processor.test_test_command_callback" name="test_run_command" time="25.435" /><testcase classname="tests.processor.test_test_command_callback" name="test_run_command_as_script" time="21.690" /><testcase classname="tests.processor.test_vcs" name="test_checkout_fixed" time="2.551" /><testcase classname="tests.processor.test_vcs" name="test_checkout_buggy" time="2.285" /></testsuite></testsuites>