<?xml version="1.0" encoding="utf-8"?><testsuites><testsuite name="pytest" errors="0" failures="0" skipped="0" tests="7" time="0.893" timestamp="2021-09-28T03:13:28.994626" hostname="fv-az81-453"><testcase classname="tests.processor.test_argparse" name="test_read_config_not_exist" time="0.003" /><testcase classname="tests.processor.test_argparse" name="test_read_config_invalid_json" time="0.002" /><testcase classname="tests.processor.test_argparse" name="test_read_config_corrupted_json" time="0.002" /><testcase classname="tests.processor.test_argparse" name="test_read_config" time="0.002" /><testcase classname="tests.processor.test_argparse" name="test_write_config" time="0.002" /><testcase classname="tests.processor.test_argparse" name="test_project_parser" time="0.003" /><testcase classname="tests.processor.test_argparse" name="test_vsc_parser" time="0.006" /></testsuite></testsuites>